================================================================
MENTAL HEALTH CLASSIFICATION v16 (SVM/MLP × TF-IDF/BERT/combined + BERT-FT)
Device:          mps
Embedding model: intfloat/multilingual-e5-large
================================================================

[1/5] Loading & filtering data...
Raw: 31,402 rows, 9 classes
Dropped ambiguous classes: 252 → 31,150 rows, 7 classes
After min-words (5): dropped 1,061 → 30,089 kept
After de-dup:                dropped 108 → 29,981 kept

Per-class counts:
tag
депрессия                16092
тревожное р-во            5699
ОКР                       2695
ПРЛ                       2627
БАР                       1313
тревожное р-во/невроз      845
шизофрения                 710

[2/5] Per-class cap=15000 + 80/20 stratified split...
After capping: 28,889 samples  (≥ 20000 ✔)
tag
депрессия                15000
тревожное р-во            5699
ОКР                       2695
ПРЛ                       2627
БАР                       1313
тревожное р-во/невроз      845
шизофрения                 710
Classes (7): ['БАР', 'ОКР', 'ПРЛ', 'депрессия', 'тревожное р-во', 'тревожное р-во/невроз', 'шизофрения']
Train class counts: {'БАР': np.int64(1050), 'ОКР': np.int64(2156), 'ПРЛ': np.int64(2102), 'депрессия': np.int64(12000), 'тревожное р-во': np.int64(4559), 'тревожное р-во/невроз': np.int64(676), 'шизофрения': np.int64(568)}
Train: 23,111 | Test: 5,778
Total used texts (train+test): 28,889  (≥ MIN_KEEP ✔)

[3/5] Building TF-IDF features...
TF-IDF (sparse): (23111, 158842)
Reducing TF-IDF to dense 256-d via TruncatedSVD...
TF-IDF (dense):  (23111, 256)  explained_var=0.165

[4/5] Computing sentence embeddings with 'intfloat/multilingual-e5-large' (cached)...
Loading model: intfloat/multilingual-e5-large
  Encoding 23,111 train texts...
  train embeddings: (23111, 1024) (394.9s)
  Encoding 5,778 test texts...
  test embeddings: (5778, 1024) (108.3s)
Embeddings cached.
Embeddings: train=(23111, 1024), test=(5778, 1024)
Combined features: (23111, 1280)

[5/5] Benchmarking SVM / MLP on TF-IDF / BERT / combined ...
  SVM(C=0.1) @ tfidf             | F1=0.4422  Acc=0.5685  (1.8s)
  SVM(C=0.3) @ tfidf             | F1=0.4421  Acc=0.5684  (1.8s)
  SVM(C=1.0) @ tfidf             | F1=0.4421  Acc=0.5684  (1.8s)
  SVM(C=3.0) @ tfidf             | F1=0.4421  Acc=0.5684  (1.8s)
  SVM(C=10.0) @ tfidf            | F1=0.4421  Acc=0.5684  (1.8s)
  MLP @ tfidf                    | F1=0.4488  Acc=0.6267  (1.1s)
  SVM(C=0.1) @ bert              | F1=0.4844  Acc=0.5947  (67.5s)
  SVM(C=0.3) @ bert              | F1=0.4807  Acc=0.5942  (73.2s)
  SVM(C=1.0) @ bert              | F1=0.4777  Acc=0.5929  (74.9s)
  SVM(C=3.0) @ bert              | F1=0.4758  Acc=0.5928  (128.1s)
  SVM(C=10.0) @ bert             | F1=0.4734  Acc=0.5914  (291.0s)
  MLP @ bert                     | F1=0.5306  Acc=0.6769  (1.9s)
  SVM(C=0.1) @ combined          | F1=0.4975  Acc=0.6096  (72.4s)
  SVM(C=0.3) @ combined          | F1=0.4933  Acc=0.6085  (77.7s)
  SVM(C=1.0) @ combined          | F1=0.4921  Acc=0.6090  (164.7s)
  SVM(C=3.0) @ combined          | F1=0.4917  Acc=0.6092  (196.3s)
  SVM(C=10.0) @ combined         | F1=0.4909  Acc=0.6089  (300.8s)
  MLP @ combined                 | F1=0.5504  Acc=0.6745  (2.1s)

================================================================
BEST MODEL: MLP @ combined
================================================================
Accuracy:      0.6745  (67.45%)
F1 (macro):    0.5504
F1 (weighted): 0.6643

=== Per-class report ===
                       precision    recall  f1-score   support

                  БАР     0.5080    0.3612    0.4222       263
                  ОКР     0.6432    0.5250    0.5781       539
                  ПРЛ     0.6000    0.4629    0.5226       525
            депрессия     0.7182    0.8200    0.7658      3000
       тревожное р-во     0.6170    0.6105    0.6138      1140
тревожное р-во/невроз     0.5309    0.2544    0.3440       169
           шизофрения     0.6875    0.5423    0.6063       142

             accuracy                         0.6745      5778
            macro avg     0.6150    0.5109    0.5504      5778
         weighted avg     0.6647    0.6745    0.6643      5778

================================================================
❌ TARGET NOT MET:  F1 macro = 0.5504 < 0.6
================================================================

[+] Fine-tuning BERT end-to-end as a classifier...
  Fine-tune device: mps
{'loss': '1.72', 'grad_norm': '9.877', 'learning_rate': '4.562e-06', 'epoch': '0.0692'}
  [WARN] BERT fine-tuning skipped: RuntimeError: MPS backend out of memory (MPS allocated: 23.78 GiB, other allocations: 37.37 GiB, max allowed: 61.20 GiB). Tried to allocate 64.00 MiB on private pool. Use PYTORCH_MPS_HIGH_WATERMARK_RATIO=0.0 to disable upper limit for memory allocations (may cause system failure).

=== All Results Summary (F1 macro, Acc) ===
  F1=0.5504  Acc=0.6745  MLP @ combined
  F1=0.5306  Acc=0.6769  MLP @ bert
  F1=0.4975  Acc=0.6096  SVM(C=0.1) @ combined
  F1=0.4933  Acc=0.6085  SVM(C=0.3) @ combined
  F1=0.4921  Acc=0.6090  SVM(C=1.0) @ combined
  F1=0.4917  Acc=0.6092  SVM(C=3.0) @ combined
  F1=0.4909  Acc=0.6089  SVM(C=10.0) @ combined
  F1=0.4844  Acc=0.5947  SVM(C=0.1) @ bert
  F1=0.4807  Acc=0.5942  SVM(C=0.3) @ bert
  F1=0.4777  Acc=0.5929  SVM(C=1.0) @ bert
  F1=0.4758  Acc=0.5928  SVM(C=3.0) @ bert
  F1=0.4734  Acc=0.5914  SVM(C=10.0) @ bert
  F1=0.4488  Acc=0.6267  MLP @ tfidf
  F1=0.4422  Acc=0.5685  SVM(C=0.1) @ tfidf
  F1=0.4421  Acc=0.5684  SVM(C=0.3) @ tfidf
  F1=0.4421  Acc=0.5684  SVM(C=1.0) @ tfidf
  F1=0.4421  Acc=0.5684  SVM(C=3.0) @ tfidf
  F1=0.4421  Acc=0.5684  SVM(C=10.0) @ tfidf
