================================================================
MENTAL HEALTH CLASSIFICATION v16 (RF/SVM/MLP × TF-IDF/BERT/combined)
Device:          mps
Embedding model: cointegrated/rubert-tiny2-cedr-emotion-detection
================================================================

[1/5] Loading & filtering data...
Raw: 31,402 rows, 9 classes
Dropped ambiguous classes: 252 → 31,150 rows, 7 classes
After min-words (5): dropped 1,061 → 30,089 kept
After de-dup:                dropped 108 → 29,981 kept

Per-class counts:
tag
депрессия                16092
тревожное р-во            5699
ОКР                       2695
ПРЛ                       2627
БАР                       1313
тревожное р-во/невроз      845
шизофрения                 710

[2/5] Per-class cap=15000 + 80/20 stratified split...
After capping: 28,889 samples  (≥ 20000 ✔)
tag
депрессия                15000
тревожное р-во            5699
ОКР                       2695
ПРЛ                       2627
БАР                       1313
тревожное р-во/невроз      845
шизофрения                 710
Classes (7): ['БАР', 'ОКР', 'ПРЛ', 'депрессия', 'тревожное р-во', 'тревожное р-во/невроз', 'шизофрения']
Train class counts: {'БАР': np.int64(1050), 'ОКР': np.int64(2156), 'ПРЛ': np.int64(2102), 'депрессия': np.int64(12000), 'тревожное р-во': np.int64(4559), 'тревожное р-во/невроз': np.int64(676), 'шизофрения': np.int64(568)}
Train: 23,111 | Test: 5,778
Total used texts (train+test): 28,889  (≥ MIN_KEEP ✔)

[3/5] Building TF-IDF features...
TF-IDF (sparse): (23111, 158842)
Reducing TF-IDF to dense 256-d via TruncatedSVD...
TF-IDF (dense):  (23111, 256)  explained_var=0.165

[4/5] Computing sentence embeddings with 'cointegrated/rubert-tiny2-cedr-emotion-detection' (cached)...
Loading cached embeddings...
Embeddings: train=(23111, 312), test=(5778, 312)
Combined features: (23111, 568)

[5/5] Benchmarking RF / SVM / MLP on TF-IDF / BERT / combined ...
  RF @ tfidf             | F1=0.1896  Acc=0.5630  (6.8s)
  SVM @ tfidf            | F1=0.4421  Acc=0.5684  (1.9s)
  MLP @ tfidf            | F1=0.4488  Acc=0.6267  (1.3s)
  RF @ bert              | F1=0.1450  Acc=0.5429  (6.8s)
  SVM @ bert             | F1=0.3629  Acc=0.4905  (22.6s)
  MLP @ bert             | F1=0.3234  Acc=0.5931  (1.9s)
  RF @ combined          | F1=0.1601  Acc=0.5556  (9.7s)
  SVM @ combined         | F1=0.4499  Acc=0.5666  (34.4s)
  MLP @ combined         | F1=0.4712  Acc=0.6433  (1.7s)

================================================================
BEST MODEL: MLP @ combined
================================================================
Accuracy:      0.6433  (64.33%)
F1 (macro):    0.4712
F1 (weighted): 0.6196

=== Per-class report ===
                       precision    recall  f1-score   support

                  БАР     0.5268    0.2243    0.3147       263
                  ОКР     0.6332    0.4323    0.5138       539
                  ПРЛ     0.5918    0.3562    0.4447       525
            депрессия     0.6632    0.8627    0.7499      3000
       тревожное р-во     0.6257    0.4912    0.5504      1140
тревожное р-во/невроз     0.3974    0.1834    0.2510       169
           шизофрения     0.5514    0.4155    0.4739       142

             accuracy                         0.6433      5778
            macro avg     0.5699    0.4237    0.4712      5778
         weighted avg     0.6298    0.6433    0.6196      5778

================================================================
❌ TARGET NOT MET:  F1 macro = 0.4712 < 0.6
================================================================

=== All Results Summary (F1 macro, Acc) ===
  F1=0.4712  Acc=0.6433  MLP @ combined
  F1=0.4499  Acc=0.5666  SVM @ combined
  F1=0.4488  Acc=0.6267  MLP @ tfidf
  F1=0.4421  Acc=0.5684  SVM @ tfidf
  F1=0.3629  Acc=0.4905  SVM @ bert
  F1=0.3234  Acc=0.5931  MLP @ bert
  F1=0.1896  Acc=0.5630  RF @ tfidf
  F1=0.1601  Acc=0.5556  RF @ combined
  F1=0.1450  Acc=0.5429  RF @ bert
