================================================================
MENTAL HEALTH CLASSIFICATION v15 (80/20 split)
Device: mps
================================================================

[1/5] Loading & filtering data...
Raw: 37,024 rows, 9 classes
Dropped ambiguous classes: 356 → 36,668 rows, 7 classes
After min-words (5): dropped 1,467 → 35,201 kept
After de-dup:                dropped 90 → 35,111 kept

Per-class counts:
tag
депрессия                19050
тревожное р-во            6457
ОКР                       3194
ПРЛ                       3051
БАР                       1502
тревожное р-во/невроз      952
шизофрения                 905

[2/5] Per-class cap=10000 + 80/20 stratified split...
After capping: 26,061 samples  (≥ 25000 ✔)
tag
депрессия                10000
тревожное р-во            6457
ОКР                       3194
ПРЛ                       3051
БАР                       1502
тревожное р-во/невроз      952
шизофрения                 905
Classes (7): ['БАР', 'ОКР', 'ПРЛ', 'депрессия', 'тревожное р-во', 'тревожное р-во/невроз', 'шизофрения']
Train class counts: {'БАР': np.int64(1201), 'ОКР': np.int64(2555), 'ПРЛ': np.int64(2441), 'депрессия': np.int64(8000), 'тревожное р-во': np.int64(5165), 'тревожное р-во/невроз': np.int64(762), 'шизофрения': np.int64(724)}
Train: 20,848 | Test: 5,213
Total used texts (train+test): 26,061  (≥ 25000 ✔)

[3/5] Building TF-IDF features...
TF-IDF combined: (20848, 144962)

[4/5] Computing E5-large sentence embeddings (cached)...
Loading model: intfloat/multilingual-e5-large
  Encoding 20,848 train texts...
  train embeddings: (20848, 1024) (6151.3s)
  Encoding 5,213 test texts...
  test embeddings: (5213, 1024) (1271.3s)
Embeddings cached.
Embeddings: train=(20848, 1024), test=(5213, 1024)
Combined features: (20848, 145986)

[5/5] Training base classifiers...
  LR C=1.0: test F1=0.5174  test Acc=0.5751
  LR C=2.0: test F1=0.5241  test Acc=0.5853
  LR C=4.0: test F1=0.5285  test Acc=0.5920
  CalSVC C=0.1: test F1=0.5164  test Acc=0.6185
  CalSVC C=0.3: test F1=0.5205  test Acc=0.6208
  CalSVC C=0.5: test F1=0.5195  test Acc=0.6213
  CalSVC C=1.0: test F1=0.5190  test Acc=0.6177
  CalSVC C=2.0: test F1=0.5166  test Acc=0.6183

Probability-averaging ensembles:

Top-2: ['LR C=4.0', 'LR C=2.0']
  ENS top2: test F1=0.5268  Acc=0.5876

Top-3: ['LR C=4.0', 'LR C=2.0', 'CalSVC C=0.3']
  ENS top3: test F1=0.5347  Acc=0.6052

Top-4: ['LR C=4.0', 'LR C=2.0', 'CalSVC C=0.3', 'CalSVC C=0.5']
  ENS top4: test F1=0.5376  Acc=0.6119

Top-5: ['LR C=4.0', 'LR C=2.0', 'CalSVC C=0.3', 'CalSVC C=0.5', 'CalSVC C=1.0']
  ENS top5: test F1=0.5372  Acc=0.6165

================================================================
BEST MODEL: ENS top4
================================================================
Accuracy:      0.6119  (61.19%)
F1 (macro):    0.5376
F1 (weighted): 0.6081

=== Per-class report ===
                       precision    recall  f1-score   support

                  БАР     0.5375    0.4286    0.4769       301
                  ОКР     0.6270    0.5524    0.5874       639
                  ПРЛ     0.5669    0.5000    0.5314       610
            депрессия     0.6271    0.7190    0.6699      2000
       тревожное р-во     0.6554    0.6285    0.6416      1292
тревожное р-во/невроз     0.3718    0.3053    0.3353       190
           шизофрения     0.5163    0.5249    0.5205       181

             accuracy                         0.6119      5213
            macro avg     0.5574    0.5227    0.5376      5213
         weighted avg     0.6087    0.6119    0.6081      5213

================================================================
❌ TARGET NOT MET:  F1 macro = 0.5376 < 0.6
================================================================

=== All Results Summary ===
  0.5376  ENS top4
  0.5372  ENS top5
  0.5347  ENS top3
  0.5285  LR C=4.0
  0.5268  ENS top2
  0.5241  LR C=2.0
  0.5205  CalSVC C=0.3
  0.5195  CalSVC C=0.5
  0.5190  CalSVC C=1.0
  0.5174  LR C=1.0
  0.5166  CalSVC C=2.0
  0.5164  CalSVC C=0.1
